2023-10-12 10:01:39 : select a.topic, a.action, r.id role, a.level from _access a join Role r on a.role = r.name
2023-10-12 10:13:14 : select * from `User` where status = 1 and username = 'davide'
2023-10-12 10:13:14 : select * from `User` where status = 1
2023-10-12 10:14:13 : select * from `Folder` where user_id = 57 and status = 1 and parent_id is null
2023-10-12 10:14:18 : select * from `Folder` where user_id = 57 and status = 1 and parent_id is null
2023-10-12 10:31:17 : select * from `Folder` where user_id = 57 and status = 1 and parent_id is null
2023-10-12 10:31:27 : select * from `User` where status = 1
2023-10-12 10:33:07 : select * from `User` where status = 1 and username = 'davide'
2023-10-12 10:33:07 : select * from Role where status = 1 and name = 'Administrator'
2023-10-12 10:33:07 : update _sequence set id = id + 1
2023-10-12 10:33:07 : select id from _sequence
2023-10-12 10:33:07 : select count(id) from `User` where status = 1 and `username` = 'davide' and id <> 58
2023-10-12 10:33:07 : insert into `User` (id, status, time, `role_id`, `username`, `name`, `enabled`, `email`) values (58, 1, '2023-10-12 10:33:07', 1, 'davide', 'davide', true, 'davide.albanesi.ilc@gmail.com')
2023-10-12 10:33:07 : update _sequence set id = id + 1
2023-10-12 10:33:07 : select id from _sequence
2023-10-12 10:34:20 : select * from `User` where status = 1 and username = 'davide'
2023-10-12 10:34:20 : select * from Role where status = 1 and name = 'Administrator'
2023-10-12 10:34:20 : update _sequence set id = id + 1
2023-10-12 10:34:20 : select id from _sequence
2023-10-12 10:34:20 : select count(id) from `User` where status = 1 and `username` = 'davide' and id <> 60
2023-10-12 10:34:20 : insert into `User` (id, status, time, `role_id`, `username`, `name`, `enabled`, `email`) values (60, 1, '2023-10-12 10:34:20', 1, 'davide', 'davide', true, 'davide.albanesi.ilc@gmail.com')
2023-10-12 10:34:20 : update _sequence set id = id + 1
2023-10-12 10:34:20 : select id from _sequence
2023-10-12 10:46:20 : select a.topic, a.action, r.id role, a.level from _access a join Role r on a.role = r.name
2023-10-12 11:00:49 : select * from `User` where status = 1 and username = 'davide'
2023-10-12 11:00:49 : select * from Role where status = 1 and name = 'Administrator'
2023-10-12 11:00:49 : update _sequence set id = id + 1
2023-10-12 11:00:49 : select id from _sequence
2023-10-12 11:00:49 : select count(id) from `User` where status = 1 and `username` = 'davide' and id <> 62
2023-10-12 11:00:49 : insert into `User` (id, status, time, `role_id`, `username`, `name`, `enabled`, `email`) values (62, 1, '2023-10-12 11:00:49', 1, 'davide', 'davide', true, 'davide.albanesi.ilc@gmail.com')
2023-10-12 11:00:49 : update _sequence set id = id + 1
2023-10-12 11:00:49 : select id from _sequence
2023-10-12 11:00:49 : insert into `Folder` (id, status, time, name, user_id) values (63, 1, now(), 'davide', 62)
2023-10-12 14:36:47 : select a.topic, a.action, r.id role, a.level from _access a join Role r on a.role = r.name
2023-10-12 14:56:55 : select * from `User` where status = 1 and username = 'davide'
2023-10-12 15:00:42 : select a.topic, a.action, r.id role, a.level from _access a join Role r on a.role = r.name
2023-10-12 15:01:59 : select * from `User` where status = 1 and username = 'davide'
2023-10-12 15:01:59 : select * from Role where status = 1 and name = 'Administrator'
2023-10-12 15:02:01 : update _sequence set id = id + 1
2023-10-12 15:02:01 : select id from _sequence
2023-10-12 15:02:01 : select count(id) from `User` where status = 1 and `username` = 'davide' and id <> 64
2023-10-12 15:02:01 : insert into `User` (id, status, time, `role_id`, `username`, `name`, `enabled`, `email`) values (64, 1, '2023-10-12 15:02:01', 1, 'davide', 'davide', true, 'davide.albanesi.ilc@gmail.com')
2023-10-12 15:02:02 : update _sequence set id = id + 1
2023-10-12 15:02:02 : select id from _sequence
2023-10-12 15:02:02 : insert into `Folder` (id, status, time, name, user_id) values (65, 1, now(), 'davide', 64)
2023-10-12 15:02:13 : select * from `User` where status = 1 and username = 'davide'
2023-10-12 15:08:45 : select a.topic, a.action, r.id role, a.level from _access a join Role r on a.role = r.name
2023-10-12 15:09:06 : select * from `User` where status = 1 and username = 'davide'
2023-10-12 15:09:07 : select * from Role where status = 1 and name = 'Administrator'
2023-10-12 15:09:08 : update _sequence set id = id + 1
2023-10-12 15:09:08 : select id from _sequence
2023-10-12 15:09:08 : select count(id) from `User` where status = 1 and `username` = 'davide' and id <> 66
2023-10-12 15:09:08 : insert into `User` (id, status, time, `role_id`, `username`, `name`, `enabled`, `email`) values (66, 1, '2023-10-12 15:09:08', 1, 'davide', 'Davide Albanesi', true, 'davide.albanesi.ilc@gmail.com')
2023-10-12 15:09:09 : update _sequence set id = id + 1
2023-10-12 15:09:09 : select id from _sequence
2023-10-12 15:09:09 : insert into `Folder` (id, status, time, name, user_id) values (67, 1, now(), 'davide', 66)
2023-10-12 15:09:55 : select * from `User` where status = 1 and username = 'davide'
2023-10-12 15:12:02 : select a.topic, a.action, r.id role, a.level from _access a join Role r on a.role = r.name
2023-10-12 15:12:09 : select * from `User` where status = 1 and username = 'davide'
2023-10-12 15:12:10 : select * from Role where status = 1 and name = 'Administrator'
2023-10-12 15:12:10 : update _sequence set id = id + 1
2023-10-12 15:12:10 : select id from _sequence
2023-10-12 15:12:10 : select count(id) from `User` where status = 1 and `username` = 'davide' and id <> 68
2023-10-12 15:12:10 : insert into `User` (id, status, time, `role_id`, `username`, `name`, `enabled`, `email`) values (68, 1, '2023-10-12 15:12:10', 1, 'davide', 'Davide Albanesi', true, 'davide.albanesi.ilc@gmail.com')
2023-10-12 15:12:10 : update _sequence set id = id + 1
2023-10-12 15:12:10 : select id from _sequence
2023-10-12 15:12:10 : insert into `Folder` (id, status, time, name, user_id) values (69, 1, now(), 'davide', 68)
2023-10-12 15:12:12 : select * from `User` where status = 1 and username = 'davide'
2023-10-12 15:59:31 : select a.topic, a.action, r.id role, a.level from _access a join Role r on a.role = r.name
2023-10-12 16:24:07 : select a.topic, a.action, r.id role, a.level from _access a join Role r on a.role = r.name
2023-10-12 16:25:51 : select a.topic, a.action, r.id role, a.level from _access a join Role r on a.role = r.name
2023-10-12 16:54:30 : select a.topic, a.action, r.id role, a.level from _access a join Role r on a.role = r.name
2023-10-12 16:54:58 : select a.topic, a.action, r.id role, a.level from _access a join Role r on a.role = r.name
2023-10-12 16:57:11 : select a.topic, a.action, r.id role, a.level from _access a join Role r on a.role = r.name
